2020-11-01 10:06:34.493  INFO 8828 --- [restartedMain] com.example.demo.DemoApplication         : Starting DemoApplication on DELL with PID 8828 (C:\Users\DELL\git\gitLessonExample\onlineCourseRegisSpring\target\classes started by DELL in C:\Users\DELL\git\gitLessonExample\onlineCourseRegisSpring)
2020-11-01 10:06:35.467  INFO 8828 --- [restartedMain] com.example.demo.DemoApplication         : No active profile set, falling back to default profiles: default
2020-11-01 10:06:39.610  INFO 8828 --- [restartedMain] .e.DevToolsPropertyDefaultsPostProcessor : Devtools property defaults active! Set 'spring.devtools.add-properties' to 'false' to disable
2020-11-01 10:06:39.611  INFO 8828 --- [restartedMain] .e.DevToolsPropertyDefaultsPostProcessor : For additional web related logging consider setting the 'logging.level.web' property to 'DEBUG'
2020-11-01 10:06:48.496  INFO 8828 --- [restartedMain] .s.d.r.c.RepositoryConfigurationDelegate : Bootstrapping Spring Data JPA repositories in DEFERRED mode.
2020-11-01 10:06:49.100  INFO 8828 --- [restartedMain] .s.d.r.c.RepositoryConfigurationDelegate : Finished Spring Data repository scanning in 415ms. Found 3 JPA repository interfaces.
2020-11-01 10:07:34.291  INFO 8828 --- [restartedMain] trationDelegate$BeanPostProcessorChecker : Bean 'org.springframework.ws.config.annotation.DelegatingWsConfiguration' of type [org.springframework.ws.config.annotation.DelegatingWsConfiguration$$EnhancerBySpringCGLIB$$d142c445] is not eligible for getting processed by all BeanPostProcessors (for example: not eligible for auto-proxying)
2020-11-01 10:07:47.313  INFO 8828 --- [restartedMain] .w.s.a.s.AnnotationActionEndpointMapping : Supporting [WS-Addressing August 2004, WS-Addressing 1.0]
2020-11-01 10:08:00.182  INFO 8828 --- [restartedMain] o.s.b.w.embedded.tomcat.TomcatWebServer  : Tomcat initialized with port(s): 8081 (http)
2020-11-01 10:08:00.516  INFO 8828 --- [restartedMain] o.apache.catalina.core.StandardService   : Starting service [Tomcat]
2020-11-01 10:08:00.518  INFO 8828 --- [restartedMain] org.apache.catalina.core.StandardEngine  : Starting Servlet engine: [Apache Tomcat/9.0.38]
2020-11-01 10:08:01.593  INFO 8828 --- [restartedMain] o.a.c.c.C.[.[localhost].[/intern]        : Initializing Spring embedded WebApplicationContext
2020-11-01 10:08:01.595  INFO 8828 --- [restartedMain] w.s.c.ServletWebServerApplicationContext : Root WebApplicationContext: initialization completed in 81983 ms
2020-11-01 10:08:03.976  INFO 8828 --- [restartedMain] o.s.s.concurrent.ThreadPoolTaskExecutor  : Initializing ExecutorService 'applicationTaskExecutor'
2020-11-01 10:08:05.146  INFO 8828 --- [task-1] o.hibernate.jpa.internal.util.LogHelper  : HHH000204: Processing PersistenceUnitInfo [name: default]
2020-11-01 10:08:07.172  INFO 8828 --- [task-1] org.hibernate.Version                    : HHH000412: Hibernate ORM core version 5.4.21.Final
2020-11-01 10:08:11.852  INFO 8828 --- [task-1] o.hibernate.annotations.common.Version   : HCANN000001: Hibernate Commons Annotations {5.1.0.Final}
2020-11-01 10:08:14.021  INFO 8828 --- [task-1] com.zaxxer.hikari.HikariDataSource       : HikariPool-1 - Starting...
2020-11-01 10:08:15.702  WARN 8828 --- [restartedMain] JpaBaseConfiguration$JpaWebConfiguration : spring.jpa.open-in-view is enabled by default. Therefore, database queries may be performed during view rendering. Explicitly configure spring.jpa.open-in-view to disable this warning
2020-11-01 10:08:24.722  INFO 8828 --- [task-1] com.zaxxer.hikari.HikariDataSource       : HikariPool-1 - Start completed.
2020-11-01 10:08:24.956  INFO 8828 --- [task-1] org.hibernate.dialect.Dialect            : HHH000400: Using dialect: org.hibernate.dialect.MySQL8Dialect
2020-11-01 10:08:33.487  INFO 8828 --- [task-1] o.h.e.t.j.p.i.JtaPlatformInitiator       : HHH000490: Using JtaPlatform implementation: [org.hibernate.engine.transaction.jta.platform.internal.NoJtaPlatform]
2020-11-01 10:08:33.569  INFO 8828 --- [task-1] j.LocalContainerEntityManagerFactoryBean : Initialized JPA EntityManagerFactory for persistence unit 'default'
2020-11-01 10:08:37.058  INFO 8828 --- [task-2] o.s.b.d.a.OptionalLiveReloadServer       : LiveReload server is running on port 35729
2020-11-01 10:08:40.488  INFO 8828 --- [restartedMain] o.s.b.w.embedded.tomcat.TomcatWebServer  : Tomcat started on port(s): 8081 (http) with context path '/intern'
2020-11-01 10:08:41.653  INFO 8828 --- [restartedMain] DeferredRepositoryInitializationListener : Triggering deferred initialization of Spring Data repositories…
2020-11-01 10:08:42.564  INFO 8828 --- [restartedMain] DeferredRepositoryInitializationListener : Spring Data repositories initialized!
2020-11-01 10:08:42.984  INFO 8828 --- [restartedMain] com.example.demo.DemoApplication         : Started DemoApplication in 137.852 seconds (JVM running for 218.644)
